2025-05-19 15:15:18 [ALERT]  user_005: Humidity in Living Room is 29.6%
2025-05-19 15:15:28 [ALERT]  user_009: Temperature in Bedroom is 30.7°C
2025-05-19 15:16:08 [ALERT]  user_010: Temperature in Laundry Room is 7.7°C
2025-05-19 15:16:38 [ALERT]  user_020: Temperature in Living Room is 6.0°C
2025-05-19 15:17:08 [ALERT]  user_002: Humidity in Laundry Room is 22.9%
2025-05-19 15:18:08 [ALERT]  user_010: Temperature in Bedroom is 7.1°C
2025-05-19 15:19:35 [ALERT]  user_013: Temperature in Bathroom is 32.3°C
2025-05-19 15:20:30 [ALERT]  user_012: Temperature in Kitchen is 6.2°C
2025-05-19 15:21:30 [ALERT]  user_003: Temperature in Kitchen is 9.0°C
2025-05-19 15:22:10 [ALERT]  user_004: Temperature in Kitchen is 5.9°C
2025-05-19 15:23:00 [ALERT]  user_009: Humidity in Bathroom is 36.8%
2025-05-19 16:03:07 [ALERT]  user_003: Humidity in Laundry Room is 71.4%
2025-05-19 16:03:27 [ALERT]  user_002: Temperature in Kitchen is 33.3°C
2025-05-19 16:04:20 [ALERT]  user_020: Humidity in Bathroom is 33.3%
2025-05-19 16:05:10 [ALERT]  user_002: Temperature in Laundry Room is 7.2°C
2025-05-19 16:05:40 [ALERT]  user_011: Temperature in Bathroom is 34.6°C
2025-05-19 16:06:10 [ALERT]  user_013: Temperature in Bedroom is 32.7°C
2025-05-19 16:06:40 [ALERT]  user_001: Temperature in Kitchen is 33.0°C
2025-05-19 16:08:24 [ALERT]  user_004: Humidity in Laundry Room is 75.1%
2025-05-19 16:22:57 [ALERT]  user_013: Temperature in Living Room is 30.5°C
2025-05-19 16:25:14 [ALERT]  user_012: Temperature in Kitchen is 30.6°C
2025-05-19 18:06:05 [ALERT]  user_010: Humidity in Kitchen is 77.7%
2025-05-19 20:42:08 [ALERT]  user_003: Temperature in Kitchen is 7.7°C
2025-05-19 21:28:42 [ALERT]  user_001: Humidity in Bathroom is 25.0%
2025-05-19 21:28:52 [ALERT]  user_011: Humidity in Bathroom is 28.3%
2025-05-19 22:12:16 [ALERT]  user_020: Humidity in Laundry Room is 31.0%
2025-05-19 22:48:44 [ALERT]  user_001: Humidity in Living Room is 76.7%
2025-05-19 23:23:31 [ALERT]  user_012: Humidity in Living Room is 71.1%
2025-05-19 23:58:43 [ALERT]  user_013: Temperature in Kitchen is 33.4°C
2025-05-19 23:59:33 [ALERT]  user_013: Humidity in Bedroom is 25.8%
2025-05-20 00:31:30 [ALERT]  user_020: Humidity in Laundry Room is 62.4%
2025-05-20 00:32:20 [ALERT]  user_005: Temperature in Laundry Room is 34.9°C
2025-05-20 00:36:14 [ALERT]  user_014: Temperature in Bathroom is 8.5°C
2025-05-20 00:53:10 [ALERT]  user_013: Temperature in Laundry Room is 8.7°C
2025-05-20 00:53:30 [ALERT]  user_014: Humidity in Bedroom is 23.1%
2025-05-20 01:11:08 [ALERT]  user_014: Humidity in Kitchen is 78.5%
2025-05-20 01:26:46 [ALERT]  user_012: Humidity in Laundry Room is 23.2%
2025-05-20 01:27:16 [ALERT]  user_001: Temperature in Kitchen is 32.1°C
2025-05-20 01:43:50 [ALERT]  user_012: Humidity in Bathroom is 79.5%
2025-05-20 01:59:42 [ALERT]  user_020: Temperature in Bedroom is 31.2°C
2025-05-20 01:59:52 [ALERT]  user_017: Temperature in Kitchen is 5.5°C
2025-05-20 02:36:14 [ALERT]  user_003: Humidity in Bathroom is 33.5%
2025-05-20 02:52:22 [ALERT]  user_006: Temperature in Kitchen is 8.8°C
2025-05-20 03:08:56 [ALERT]  user_004: Temperature in Bedroom is 9.1°C
2025-05-20 03:09:16 [ALERT]  user_003: Humidity in Kitchen is 65.5%
2025-05-20 03:26:23 [ALERT]  user_020: Humidity in Living Room is 68.0%
2025-05-20 03:26:53 [ALERT]  user_003: Temperature in Bedroom is 8.6°C
2025-05-20 03:27:13 [ALERT]  user_014: Humidity in Bedroom is 34.2%
2025-05-20 03:42:24 [ALERT]  user_007: Temperature in Kitchen is 8.8°C
2025-05-20 04:17:15 [ALERT]  user_014: Humidity in Laundry Room is 62.6%
2025-05-20 04:51:58 [ALERT]  user_019: Temperature in Living Room is 33.1°C
2025-05-20 05:08:19 [ALERT]  user_008: Temperature in Bedroom is 9.2°C
2025-05-20 05:08:39 [ALERT]  user_017: Temperature in Bathroom is 6.9°C
2025-05-20 06:00:05 [ALERT]  user_012: Temperature in Kitchen is 5.2°C
2025-05-20 06:34:21 [ALERT]  user_014: Humidity in Laundry Room is 31.1%
2025-05-20 06:34:51 [ALERT]  user_008: Temperature in Living Room is 33.8°C
2025-05-20 06:34:51 [ALERT]  user_020: Temperature in Bathroom is 5.8°C
2025-05-20 06:35:32 [ALERT]  user_013: Humidity in Bedroom is 31.5%
2025-05-20 06:36:02 [ALERT]  user_006: Temperature in Living Room is 32.5°C
2025-05-20 06:38:04 [ALERT]  user_001: Humidity in Laundry Room is 21.2%
2025-05-20 06:41:48 [ALERT]  user_020: Humidity in Kitchen is 36.4%
2025-05-20 06:46:09 [ALERT]  user_019: Temperature in Living Room is 5.8°C
2025-05-20 06:47:29 [ALERT]  user_015: Humidity in Bathroom is 34.9%
2025-05-20 06:48:19 [ALERT]  user_020: Humidity in Kitchen is 61.5%
2025-05-20 06:48:59 [ALERT]  user_017: Temperature in Kitchen is 33.9°C
2025-05-20 06:49:29 [ALERT]  user_003: Humidity in Kitchen is 68.7%
2025-05-20 06:49:29 [ALERT]  user_008: Temperature in Living Room is 7.4°C
2025-05-20 06:50:09 [ALERT]  user_006: Humidity in Bedroom is 69.6%
2025-05-20 06:50:19 [ALERT]  user_010: Humidity in Laundry Room is 78.1%
2025-05-20 06:50:29 [ALERT]  user_008: Temperature in Bathroom is 34.7°C
2025-05-20 06:51:09 [ALERT]  user_003: Temperature in Bedroom is 9.4°C
2025-05-20 06:52:20 [ALERT]  user_008: Humidity in Bedroom is 62.4%
2025-05-20 06:53:10 [ALERT]  user_019: Temperature in Bathroom is 7.9°C
2025-05-20 06:53:50 [ALERT]  user_005: Humidity in Laundry Room is 28.8%
2025-05-20 06:54:00 [ALERT]  user_018: Temperature in Living Room is 7.4°C
2025-05-20 06:54:20 [ALERT]  user_007: Temperature in Laundry Room is 6.1°C
2025-05-20 06:54:50 [ALERT]  user_011: Temperature in Living Room is 31.7°C
2025-05-20 06:58:30 [ALERT]  user_017: Humidity in Bedroom is 65.6%
2025-05-20 06:59:31 [ALERT]  user_018: Humidity in Bathroom is 38.5%
2025-05-20 07:00:11 [ALERT]  user_014: Temperature in Kitchen is 7.8°C
2025-05-20 07:01:21 [ALERT]  user_011: Humidity in Laundry Room is 37.1%
2025-05-20 07:01:31 [ALERT]  user_017: Humidity in Bedroom is 35.9%
2025-05-20 07:01:41 [ALERT]  user_014: Humidity in Bedroom is 30.8%
2025-05-20 07:03:31 [ALERT]  user_004: Temperature in Kitchen is 7.9°C
2025-05-20 07:06:12 [ALERT]  user_002: Temperature in Bathroom is 5.6°C
2025-05-20 07:07:32 [ALERT]  user_019: Humidity in Kitchen is 20.7%
2025-05-20 07:07:52 [ALERT]  user_002: Temperature in Bedroom is 8.1°C
2025-05-20 07:08:41 [ALERT]  user_008: Humidity in Bedroom is 77.4%
2025-05-20 07:09:51 [ALERT]  user_006: Temperature in Bedroom is 32.1°C
2025-05-20 07:11:11 [ALERT]  user_004: Temperature in Living Room is 5.3°C
2025-05-20 07:11:21 [ALERT]  user_011: Temperature in Bedroom is 7.7°C
2025-05-20 07:11:51 [ALERT]  user_002: Temperature in Kitchen is 33.3°C
2025-05-20 07:13:04 [ALERT]  user_010: Humidity in Living Room is 61.4%
2025-05-20 07:13:34 [ALERT]  user_020: Temperature in Living Room is 7.2°C
2025-05-20 07:13:54 [ALERT]  user_017: Humidity in Bedroom is 66.5%
2025-05-20 07:14:04 [ALERT]  user_006: Temperature in Bathroom is 30.4°C
2025-05-20 07:14:04 [ALERT]  user_018: Humidity in Bedroom is 68.6%
2025-05-20 07:14:54 [ALERT]  user_008: Temperature in Kitchen is 5.5°C
2025-05-20 07:15:04 [ALERT]  user_007: Humidity in Laundry Room is 75.0%
2025-05-20 07:15:04 [ALERT]  user_012: Temperature in Kitchen is 33.4°C
2025-05-20 07:16:04 [ALERT]  user_004: Humidity in Bathroom is 63.9%
2025-05-20 07:19:27 [ALERT]  user_007: Temperature in Bedroom is 33.2°C
2025-05-20 07:22:47 [ALERT]  user_011: Temperature in Laundry Room is 6.5°C
2025-05-20 07:23:17 [ALERT]  user_017: Temperature in Kitchen is 34.8°C
2025-05-20 07:23:48 [ALERT]  user_015: Temperature in Bedroom is 5.6°C
2025-05-20 07:24:08 [ALERT]  user_017: Humidity in Laundry Room is 73.9%
2025-05-20 07:24:38 [ALERT]  user_004: Humidity in Kitchen is 75.7%
2025-05-20 07:24:48 [ALERT]  user_012: Temperature in Kitchen is 30.9°C
2025-05-20 10:43:51 [ALERT]  user_006: Humidity in Laundry Room is 78.9%
2025-05-20 10:44:22 [ALERT]  user_019: Humidity in Bathroom is 26.5%
2025-05-20 10:44:42 [ALERT]  user_002: Temperature in Bathroom is 8.9°C
2025-05-20 10:45:02 [ALERT]  user_002: Humidity in Bathroom is 65.6%
2025-05-20 10:47:22 [ALERT]  user_007: Temperature in Bathroom is 7.5°C
2025-05-20 10:47:22 [ALERT]  user_016: Humidity in Bedroom is 68.8%
2025-05-20 11:05:08 [ALERT]  user_012: Temperature in Living Room is 34.8°C
2025-05-20 11:05:18 [ALERT]  user_008: Temperature in Bedroom is 7.4°C
2025-05-20 11:21:47 [ALERT]  user_010: Humidity in Bedroom is 39.1%
2025-05-20 11:22:57 [ALERT]  user_004: Temperature in Bathroom is 9.4°C
2025-05-20 11:23:57 [ALERT]  user_018: Temperature in Bathroom is 32.3°C
2025-05-20 11:23:57 [ALERT]  user_019: Temperature in Laundry Room is 31.9°C
2025-05-20 11:24:17 [ALERT]  user_006: Humidity in Kitchen is 25.9%
2025-05-20 11:25:07 [ALERT]  user_019: Humidity in Bedroom is 72.1%
2025-05-20 11:25:17 [ALERT]  user_020: Temperature in Laundry Room is 7.6°C
2025-05-20 11:25:27 [ALERT]  user_008: Humidity in Bedroom is 38.0%
2025-05-20 11:26:37 [ALERT]  user_019: Temperature in Kitchen is 9.9°C
2025-05-20 11:26:47 [ALERT]  user_010: Humidity in Kitchen is 28.2%
2025-05-20 11:28:48 [ALERT]  user_014: Temperature in Laundry Room is 33.0°C
2025-05-20 11:29:28 [ALERT]  user_006: Temperature in Living Room is 8.4°C
2025-05-20 11:33:18 [ALERT]  user_005: Humidity in Bathroom is 26.6%
2025-05-20 11:34:28 [ALERT]  user_008: Temperature in Kitchen is 30.9°C
2025-05-20 11:34:48 [ALERT]  user_001: Humidity in Bathroom is 78.0%
2025-05-20 11:35:08 [ALERT]  user_001: Temperature in Living Room is 5.7°C
2025-05-20 11:35:58 [ALERT]  user_004: Humidity in Living Room is 71.6%
2025-05-20 11:36:39 [ALERT]  user_020: Humidity in Bedroom is 67.5%
2025-05-20 11:37:19 [ALERT]  user_002: Temperature in Laundry Room is 8.5°C
2025-05-20 11:37:19 [ALERT]  user_009: Temperature in Bedroom is 32.0°C
2025-05-20 11:37:29 [ALERT]  user_014: Temperature in Bedroom is 8.6°C
2025-05-20 11:37:39 [ALERT]  user_007: Humidity in Living Room is 33.1%
2025-05-20 11:38:29 [ALERT]  user_012: Temperature in Kitchen is 31.5°C
2025-05-20 11:38:29 [ALERT]  user_018: Humidity in Living Room is 78.9%
2025-05-20 11:38:59 [ALERT]  user_006: Humidity in Laundry Room is 65.0%
2025-05-20 11:39:39 [ALERT]  user_006: Humidity in Laundry Room is 76.0%
2025-05-20 11:40:39 [ALERT]  user_007: Humidity in Bathroom is 75.5%
2025-05-20 11:42:29 [ALERT]  user_013: Humidity in Bathroom is 39.8%
2025-05-20 11:42:49 [ALERT]  user_018: Humidity in Bedroom is 68.4%
2025-05-20 11:43:09 [ALERT]  user_016: Humidity in Living Room is 21.4%
2025-05-20 11:44:19 [ALERT]  user_011: Humidity in Laundry Room is 63.1%
2025-05-20 11:44:40 [ALERT]  user_002: Temperature in Living Room is 6.6°C
2025-05-20 11:52:10 [ALERT]  user_014: Temperature in Kitchen is 9.5°C
2025-05-20 11:53:11 [ALERT]  user_015: Temperature in Bedroom is 8.5°C
2025-05-20 11:54:11 [ALERT]  user_012: Temperature in Living Room is 8.3°C
2025-05-20 11:54:31 [ALERT]  user_020: Humidity in Kitchen is 20.2%
2025-05-20 11:55:41 [ALERT]  user_015: Temperature in Living Room is 32.5°C
2025-05-20 11:59:11 [ALERT]  user_004: Temperature in Bedroom is 7.0°C
2025-05-20 11:59:11 [ALERT]  user_018: Humidity in Kitchen is 36.8%
2025-05-20 11:59:51 [ALERT]  user_003: Temperature in Laundry Room is 31.4°C
2025-05-20 12:01:51 [ALERT]  user_005: Temperature in Laundry Room is 31.8°C
2025-05-20 12:02:42 [ALERT]  user_017: Humidity in Laundry Room is 77.8%
2025-05-20 12:03:12 [ALERT]  user_003: Humidity in Laundry Room is 64.4%
2025-05-20 12:03:32 [ALERT]  user_011: Temperature in Kitchen is 8.4°C
2025-05-20 12:03:42 [ALERT]  user_001: Humidity in Laundry Room is 69.1%
2025-05-20 12:04:42 [ALERT]  user_004: Temperature in Laundry Room is 6.4°C
2025-05-20 12:05:22 [ALERT]  user_003: Temperature in Bathroom is 7.4°C
2025-05-20 12:07:02 [ALERT]  user_003: Humidity in Laundry Room is 71.0%
2025-05-20 12:09:12 [ALERT]  user_015: Temperature in Bedroom is 8.0°C
2025-05-20 12:09:52 [ALERT]  user_005: Humidity in Laundry Room is 27.0%
2025-05-20 12:09:52 [ALERT]  user_015: Humidity in Bedroom is 75.4%
2025-05-20 12:10:52 [ALERT]  user_016: Humidity in Kitchen is 78.9%
2025-05-20 12:12:03 [ALERT]  user_015: Humidity in Bathroom is 25.8%
2025-05-20 12:12:23 [ALERT]  user_013: Temperature in Bedroom is 8.6°C
2025-05-20 12:12:23 [ALERT]  user_016: Temperature in Bathroom is 33.9°C
2025-05-20 12:13:03 [ALERT]  user_018: Humidity in Bathroom is 79.1%
2025-05-20 12:14:43 [ALERT]  user_017: Humidity in Kitchen is 79.5%
2025-05-20 12:15:13 [ALERT]  user_019: Humidity in Living Room is 35.1%
2025-05-20 12:15:43 [ALERT]  user_003: Humidity in Living Room is 64.5%
2025-05-20 12:16:33 [ALERT]  user_005: Humidity in Laundry Room is 77.4%
2025-05-20 12:16:53 [ALERT]  user_001: Temperature in Bedroom is 34.1°C
2025-05-20 12:17:13 [ALERT]  user_011: Temperature in Kitchen is 32.7°C
2025-05-20 12:18:13 [ALERT]  user_003: Humidity in Bedroom is 31.3%
2025-05-20 12:21:44 [ALERT]  user_011: Temperature in Kitchen is 5.7°C
2025-05-20 12:25:34 [ALERT]  user_016: Humidity in Bedroom is 69.8%
2025-05-20 12:26:04 [ALERT]  user_011: Temperature in Bathroom is 31.3°C
2025-05-20 12:27:04 [ALERT]  user_007: Temperature in Kitchen is 32.0°C
2025-05-20 12:27:04 [ALERT]  user_011: Humidity in Kitchen is 24.9%
2025-05-20 12:27:34 [ALERT]  user_006: Temperature in Bedroom is 34.5°C
2025-05-20 12:27:34 [ALERT]  user_009: Temperature in Laundry Room is 31.2°C
2025-05-20 12:29:44 [ALERT]  user_006: Temperature in Kitchen is 34.0°C
2025-05-20 12:31:04 [ALERT]  user_003: Temperature in Laundry Room is 30.7°C
2025-05-20 12:32:44 [ALERT]  user_007: Temperature in Bathroom is 33.9°C
2025-05-20 12:32:54 [ALERT]  user_001: Humidity in Laundry Room is 32.2%
2025-05-20 12:32:54 [ALERT]  user_011: Temperature in Kitchen is 8.9°C
2025-05-20 12:33:24 [ALERT]  user_017: Temperature in Kitchen is 30.5°C
2025-05-20 12:34:24 [ALERT]  user_017: Temperature in Laundry Room is 30.2°C
2025-05-20 12:34:44 [ALERT]  user_007: Temperature in Kitchen is 8.6°C
2025-05-20 12:35:24 [ALERT]  user_004: Humidity in Living Room is 69.3%
2025-05-20 12:35:34 [ALERT]  user_002: Humidity in Living Room is 21.9%
2025-05-20 12:36:15 [ALERT]  user_016: Humidity in Kitchen is 79.7%
2025-05-20 12:37:25 [ALERT]  user_003: Humidity in Bathroom is 33.2%
2025-05-20 12:39:45 [ALERT]  user_018: Humidity in Living Room is 39.1%
2025-05-20 12:39:55 [ALERT]  user_006: Temperature in Bedroom is 30.1°C
2025-05-20 12:43:45 [ALERT]  user_018: Humidity in Bathroom is 66.4%
2025-05-20 12:44:36 [ALERT]  user_019: Humidity in Laundry Room is 66.5%
2025-05-20 12:44:56 [ALERT]  user_018: Temperature in Laundry Room is 32.9°C
2025-05-20 12:47:16 [ALERT]  user_018: Humidity in Kitchen is 72.9%
2025-05-20 12:49:56 [ALERT]  user_001: Temperature in Living Room is 6.0°C
2025-05-20 12:50:16 [ALERT]  user_018: Temperature in Kitchen is 8.6°C
2025-05-20 12:50:26 [ALERT]  user_017: Temperature in Kitchen is 5.0°C
2025-05-20 12:50:36 [ALERT]  user_011: Temperature in Bathroom is 5.9°C
2025-05-20 12:52:12 [ALERT]  user_017: Humidity in Living Room is 34.2%
2025-05-20 12:53:32 [ALERT]  user_016: Humidity in Bedroom is 66.1%
2025-05-20 12:55:22 [ALERT]  user_003: Temperature in Living Room is 9.7°C
2025-05-20 12:57:23 [ALERT]  user_003: Humidity in Living Room is 29.7%
2025-05-20 12:58:13 [ALERT]  user_020: Temperature in Laundry Room is 34.4°C
2025-05-20 12:58:23 [ALERT]  user_011: Humidity in Bedroom is 34.0%
2025-05-20 12:59:03 [ALERT]  user_001: Temperature in Bathroom is 6.4°C
2025-05-20 12:59:33 [ALERT]  user_013: Temperature in Laundry Room is 7.7°C
2025-05-20 12:59:53 [ALERT]  user_002: Temperature in Kitchen is 9.4°C
2025-05-20 13:00:13 [ALERT]  user_008: Humidity in Kitchen is 66.2%
2025-05-20 13:01:43 [ALERT]  user_019: Humidity in Kitchen is 67.7%
2025-05-20 13:02:53 [ALERT]  user_013: Humidity in Kitchen is 34.9%
2025-05-20 13:05:24 [ALERT]  user_013: Temperature in Bedroom is 8.2°C
2025-05-20 13:05:44 [ALERT]  user_009: Humidity in Bedroom is 60.8%
2025-05-20 13:06:04 [ALERT]  user_002: Humidity in Kitchen is 71.2%
2025-05-20 13:06:34 [ALERT]  user_016: Humidity in Bathroom is 20.2%
2025-05-20 13:07:24 [ALERT]  user_018: Temperature in Laundry Room is 5.6°C
2025-05-20 13:07:44 [ALERT]  user_009: Temperature in Bathroom is 33.6°C
2025-05-20 13:43:53 [ALERT]  user_002: Temperature in Laundry Room is 33.2°C
2025-05-20 13:45:15 [ALERT]  user_005: Humidity in Bedroom is 23.1%
2025-05-20 13:46:05 [ALERT]  user_012: Temperature in Laundry Room is 32.7°C
2025-05-20 13:49:56 [ALERT]  user_012: Temperature in Bathroom is 7.9°C
2025-05-20 13:49:56 [ALERT]  user_014: Humidity in Kitchen is 66.8%
2025-05-20 13:51:46 [ALERT]  user_016: Humidity in Bathroom is 30.9%
2025-05-20 13:52:46 [ALERT]  user_020: Temperature in Kitchen is 9.0°C
2025-05-20 13:52:56 [ALERT]  user_009: Humidity in Bedroom is 78.7%
2025-05-20 13:52:56 [ALERT]  user_017: Humidity in Kitchen is 73.0%
2025-05-20 13:53:26 [ALERT]  user_019: Temperature in Laundry Room is 32.0°C
2025-05-20 13:53:36 [ALERT]  user_004: Temperature in Kitchen is 31.1°C
2025-05-20 13:53:56 [ALERT]  user_017: Humidity in Kitchen is 24.5%
2025-05-20 13:54:46 [ALERT]  user_011: Humidity in Kitchen is 34.5%
2025-05-20 13:55:06 [ALERT]  user_008: Humidity in Living Room is 68.9%
2025-05-20 13:56:27 [ALERT]  user_015: Humidity in Kitchen is 66.3%
2025-05-20 13:56:37 [ALERT]  user_004: Humidity in Living Room is 23.2%
2025-05-20 13:56:47 [ALERT]  user_017: Temperature in Living Room is 9.4°C
2025-05-20 13:56:57 [ALERT]  user_014: Temperature in Laundry Room is 6.4°C
2025-05-20 14:00:37 [ALERT]  user_013: Temperature in Bathroom is 32.7°C
2025-05-20 14:00:37 [ALERT]  user_013: Humidity in Bedroom is 32.0%
2025-05-20 14:01:27 [ALERT]  user_001: Humidity in Kitchen is 64.1%
2025-05-20 14:01:57 [ALERT]  user_018: Humidity in Bathroom is 78.3%
2025-05-20 14:02:07 [ALERT]  user_007: Temperature in Kitchen is 30.3°C
2025-05-20 14:02:07 [ALERT]  user_010: Temperature in Bedroom is 5.2°C
2025-05-20 14:03:28 [ALERT]  user_012: Humidity in Laundry Room is 30.7%
2025-05-20 14:04:22 [ALERT]  user_002: Temperature in Laundry Room is 33.7°C
2025-05-20 14:07:42 [ALERT]  user_013: Temperature in Living Room is 32.1°C
2025-05-20 14:08:32 [ALERT]  user_018: Humidity in Kitchen is 35.3%
2025-05-20 14:10:22 [ALERT]  user_020: Humidity in Bedroom is 63.8%
2025-05-20 14:10:42 [ALERT]  user_012: Temperature in Bedroom is 30.8°C
2025-05-20 14:11:23 [ALERT]  user_015: Humidity in Kitchen is 38.5%
2025-05-20 14:12:33 [ALERT]  user_010: Temperature in Bathroom is 9.6°C
2025-05-20 14:13:03 [ALERT]  user_017: Humidity in Living Room is 66.6%
2025-05-20 14:14:43 [ALERT]  user_003: Temperature in Bedroom is 8.0°C
2025-05-20 14:15:43 [ALERT]  user_008: Temperature in Bedroom is 34.3°C
2025-05-20 14:17:33 [ALERT]  user_009: Humidity in Living Room is 26.7%
2025-05-20 14:18:33 [ALERT]  user_005: Temperature in Bathroom is 30.6°C
2025-05-20 14:28:19 [ALERT]  user_016: Humidity in Bathroom is 61.4%
2025-05-20 14:29:59 [ALERT]  user_015: Humidity in Bedroom is 67.9%
2025-05-20 14:31:39 [ALERT]  user_003: Humidity in Living Room is 21.1%
2025-05-20 14:32:09 [ALERT]  user_014: Temperature in Kitchen is 8.4°C
2025-05-20 14:32:19 [ALERT]  user_020: Humidity in Living Room is 38.7%
2025-05-20 14:32:59 [ALERT]  user_012: Temperature in Bedroom is 5.8°C
2025-05-20 14:37:04 [ALERT]  user_009: Humidity in Bathroom is 35.1%
2025-05-20 14:37:14 [ALERT]  user_016: Humidity in Bedroom is 22.9%
2025-05-20 14:38:35 [ALERT]  user_008: Temperature in Kitchen is 30.3°C
2025-05-20 14:45:40 [ALERT]  user_007: Humidity in Living Room is 30.6%
2025-05-20 15:04:15 [ALERT]  user_019: Humidity in Bedroom is 63.8%
2025-05-20 15:05:15 [ALERT]  user_006: Temperature in Kitchen is 31.8°C
2025-05-20 15:05:15 [ALERT]  user_015: Temperature in Bathroom is 7.4°C
2025-05-20 15:05:15 [ALERT]  user_018: Humidity in Laundry Room is 27.6%
2025-05-20 15:05:25 [ALERT]  user_010: Temperature in Bedroom is 34.8°C
2025-05-20 15:06:46 [ALERT]  user_005: Humidity in Kitchen is 75.4%
2025-05-20 15:06:46 [ALERT]  user_010: Temperature in Bathroom is 32.8°C
2025-05-20 15:07:16 [ALERT]  user_007: Humidity in Bedroom is 28.5%
2025-05-20 15:07:26 [ALERT]  user_013: Temperature in Living Room is 6.4°C
2025-05-20 15:09:56 [ALERT]  user_010: Temperature in Living Room is 34.0°C
2025-05-20 15:10:56 [ALERT]  user_009: Temperature in Living Room is 9.0°C
2025-05-20 15:13:06 [ALERT]  user_017: Humidity in Bathroom is 39.4%
2025-05-20 15:13:26 [ALERT]  user_011: Temperature in Bedroom is 30.4°C
2025-05-20 15:16:07 [ALERT]  user_011: Temperature in Living Room is 31.8°C
2025-05-20 15:16:27 [ALERT]  user_016: Temperature in Living Room is 30.7°C
2025-05-20 15:17:07 [ALERT]  user_013: Humidity in Living Room is 65.3%
2025-05-20 15:18:27 [ALERT]  user_004: Temperature in Bedroom is 9.7°C
2025-05-20 15:18:37 [ALERT]  user_015: Humidity in Bathroom is 79.1%
2025-05-20 15:19:17 [ALERT]  user_017: Temperature in Living Room is 35.0°C
2025-05-20 15:19:57 [ALERT]  user_002: Humidity in Kitchen is 66.9%
2025-05-20 15:21:07 [ALERT]  user_012: Temperature in Living Room is 34.5°C
2025-05-20 15:21:17 [ALERT]  user_003: Temperature in Living Room is 32.8°C
2025-05-20 15:21:48 [ALERT]  user_018: Temperature in Kitchen is 31.0°C
2025-05-20 15:36:24 [ALERT]  user_020: Humidity in Kitchen is 62.2%
2025-05-20 15:36:34 [ALERT]  user_001: Temperature in Living Room is 31.2°C
2025-05-20 15:36:54 [ALERT]  user_006: Humidity in Bedroom is 61.4%
2025-05-20 15:37:04 [ALERT]  user_005: Humidity in Laundry Room is 28.1%
2025-05-20 15:37:14 [ALERT]  user_011: Humidity in Kitchen is 35.8%
2025-05-20 15:38:04 [ALERT]  user_017: Temperature in Bathroom is 8.4°C
2025-05-20 15:38:24 [ALERT]  user_008: Temperature in Living Room is 32.8°C
2025-05-20 15:39:14 [ALERT]  user_003: Humidity in Living Room is 78.8%
2025-05-20 15:39:24 [ALERT]  user_002: Humidity in Living Room is 26.3%
2025-05-20 15:40:54 [ALERT]  user_017: Humidity in Kitchen is 77.8%
2025-05-20 15:41:34 [ALERT]  user_002: Temperature in Laundry Room is 32.2°C
2025-05-20 15:42:04 [ALERT]  user_006: Humidity in Kitchen is 28.9%
2025-05-20 15:42:54 [ALERT]  user_010: Humidity in Laundry Room is 61.0%
2025-05-20 15:44:35 [ALERT]  user_001: Temperature in Living Room is 6.0°C
2025-05-20 15:46:25 [ALERT]  user_019: Humidity in Bathroom is 31.4%
2025-05-20 15:47:05 [ALERT]  user_020: Temperature in Bedroom is 30.9°C
2025-05-20 15:48:25 [ALERT]  user_017: Humidity in Bedroom is 33.3%
2025-05-20 15:48:35 [ALERT]  user_003: Humidity in Living Room is 36.2%
2025-05-20 15:48:55 [ALERT]  user_007: Temperature in Kitchen is 34.1°C
2025-05-20 15:49:15 [ALERT]  user_015: Humidity in Living Room is 79.0%
2025-05-20 15:49:45 [ALERT]  user_020: Humidity in Laundry Room is 69.6%
2025-05-20 15:50:15 [ALERT]  user_010: Temperature in Living Room is 6.9°C
2025-05-20 15:50:55 [ALERT]  user_004: Humidity in Laundry Room is 69.5%
2025-05-20 15:51:05 [ALERT]  user_001: Humidity in Bathroom is 25.2%
2025-05-20 15:51:56 [ALERT]  user_010: Humidity in Kitchen is 35.9%
2025-05-20 15:52:46 [ALERT]  user_015: Humidity in Bathroom is 25.6%
2025-05-20 15:54:16 [ALERT]  user_005: Humidity in Bathroom is 31.8%
2025-05-20 15:54:16 [ALERT]  user_019: Humidity in Laundry Room is 28.5%
2025-05-20 15:54:36 [ALERT]  user_012: Temperature in Bedroom is 33.1°C
2025-05-20 15:54:56 [ALERT]  user_020: Humidity in Bedroom is 69.3%
2025-05-20 15:55:36 [ALERT]  user_017: Temperature in Kitchen is 33.4°C
2025-05-20 15:57:06 [ALERT]  user_005: Humidity in Bathroom is 39.8%
2025-05-20 15:57:26 [ALERT]  user_014: Humidity in Laundry Room is 63.7%
2025-05-20 15:57:46 [ALERT]  user_011: Temperature in Bathroom is 7.9°C
2025-05-20 15:57:46 [ALERT]  user_012: Temperature in Bedroom is 31.2°C
2025-05-20 15:58:56 [ALERT]  user_014: Temperature in Living Room is 34.1°C
2025-05-20 15:59:06 [ALERT]  user_013: Temperature in Bathroom is 7.4°C
2025-05-20 15:59:37 [ALERT]  user_015: Humidity in Laundry Room is 32.8%
2025-05-20 15:59:47 [ALERT]  user_010: Humidity in Kitchen is 75.9%
2025-05-20 15:59:57 [ALERT]  user_004: Temperature in Bathroom is 6.0°C
2025-05-20 16:00:17 [ALERT]  user_020: Temperature in Bedroom is 6.3°C
2025-05-20 16:00:27 [ALERT]  user_002: Humidity in Living Room is 78.5%
2025-05-20 16:00:27 [ALERT]  user_006: Humidity in Living Room is 75.3%
2025-05-20 16:00:47 [ALERT]  user_019: Temperature in Laundry Room is 5.1°C
2025-05-20 16:01:07 [ALERT]  user_008: Temperature in Bathroom is 34.0°C
2025-05-20 16:03:47 [ALERT]  user_010: Temperature in Bathroom is 30.5°C
2025-05-20 16:03:47 [ALERT]  user_020: Humidity in Laundry Room is 33.7%
2025-05-20 16:04:27 [ALERT]  user_013: Temperature in Laundry Room is 7.4°C
2025-05-20 16:04:37 [ALERT]  user_011: Humidity in Kitchen is 71.3%
